# JRE version: Java(TM) SE Runtime Environment (8.0_261-b12) (build 1.8.0_261-b12)
# Java VM: Java HotSpot(TM) 64-Bit Server VM (25.261-b12 mixed mode windows-amd64 compressed oops)
Heap:
 PSYoungGen      total 18944K, used 12997K [0x00000000eb300000, 0x00000000ec800000, 0x0000000100000000)
  eden space 16384K, 64% used [0x00000000eb300000,0x00000000ebd5d0c0,0x00000000ec300000)
  from space 2560K, 93% used [0x00000000ec300000,0x00000000ec5546f0,0x00000000ec580000)
  to   space 2560K, 0% used [0x00000000ec580000,0x00000000ec580000,0x00000000ec800000)
 ParOldGen       total 26624K, used 4761K [0x00000000c1800000, 0x00000000c3200000, 0x00000000eb300000)
  object space 26624K, 17% used [0x00000000c1800000,0x00000000c1ca65e0,0x00000000c3200000)
 Metaspace       used 19235K, capacity 20166K, committed 20352K, reserved 1069056K
  class space    used 2446K, capacity 2669K, committed 2688K, reserved 1048576K
GC Heap History (10 events):
Event: 2.116 GC heap before
{Heap before GC invocations=6 (full 0):
 PSYoungGen      total 18944K, used 18917K [0x00000000eb300000, 0x00000000ec800000, 0x0000000100000000)
  eden space 16384K, 100% used [0x00000000eb300000,0x00000000ec300000,0x00000000ec300000)
  from space 2560K, 98% used [0x00000000ec300000,0x00000000ec5796c8,0x00000000ec580000)
  to   space 2560K, 0% used [0x00000000ec580000,0x00000000ec580000,0x00000000ec800000)
 ParOldGen       total 44032K, used 1750K [0x00000000c1800000, 0x00000000c4300000, 0x00000000eb300000)
  object space 44032K, 3% used [0x00000000c1800000,0x00000000c19b58e8,0x00000000c4300000)
 Metaspace       used 12337K, capacity 12996K, committed 13312K, reserved 1060864K
  class space    used 1546K, capacity 1689K, committed 1792K, reserved 1048576K
Event: 2.121 GC heap after
Heap after GC invocations=6 (full 0):
 PSYoungGen      total 18944K, used 2536K [0x00000000eb300000, 0x00000000ec800000, 0x0000000100000000)
  eden space 16384K, 0% used [0x00000000eb300000,0x00000000eb300000,0x00000000ec300000)
  from space 2560K, 99% used [0x00000000ec580000,0x00000000ec7fa000,0x00000000ec800000)
  to   space 2560K, 0% used [0x00000000ec300000,0x00000000ec300000,0x00000000ec580000)
 ParOldGen       total 44032K, used 3359K [0x00000000c1800000, 0x00000000c4300000, 0x00000000eb300000)
  object space 44032K, 7% used [0x00000000c1800000,0x00000000c1b47fc0,0x00000000c4300000)
 Metaspace       used 12337K, capacity 12996K, committed 13312K, reserved 1060864K
  class space    used 1546K, capacity 1689K, committed 1792K, reserved 1048576K
}
Event: 2.404 GC heap before
{Heap before GC invocations=7 (full 0):
 PSYoungGen      total 18944K, used 18920K [0x00000000eb300000, 0x00000000ec800000, 0x0000000100000000)
  eden space 16384K, 100% used [0x00000000eb300000,0x00000000ec300000,0x00000000ec300000)
  from space 2560K, 99% used [0x00000000ec580000,0x00000000ec7fa000,0x00000000ec800000)
  to   space 2560K, 0% used [0x00000000ec300000,0x00000000ec300000,0x00000000ec580000)
 ParOldGen       total 44032K, used 3374K [0x00000000c1800000, 0x00000000c4300000, 0x00000000eb300000)
  object space 44032K, 7% used [0x00000000c1800000,0x00000000c1b4bbd0,0x00000000c4300000)
 Metaspace       used 14909K, capacity 15642K, committed 15872K, reserved 1062912K
  class space    used 1837K, capacity 2036K, committed 2048K, reserved 1048576K
Event: 2.415 GC heap after
Heap after GC invocations=7 (full 0):
 PSYoungGen      total 18944K, used 2547K [0x00000000eb300000, 0x00000000ec800000, 0x0000000100000000)
  eden space 16384K, 0% used [0x00000000eb300000,0x00000000eb300000,0x00000000ec300000)
  from space 2560K, 99% used [0x00000000ec300000,0x00000000ec57cc58,0x00000000ec580000)
  to   space 2560K, 0% used [0x00000000ec580000,0x00000000ec580000,0x00000000ec800000)
 ParOldGen       total 44032K, used 5956K [0x00000000c1800000, 0x00000000c4300000, 0x00000000eb300000)
  object space 44032K, 13% used [0x00000000c1800000,0x00000000c1dd1298,0x00000000c4300000)
 Metaspace       used 14909K, capacity 15642K, committed 15872K, reserved 1062912K
  class space    used 1837K, capacity 2036K, committed 2048K, reserved 1048576K
}
Event: 2.672 GC heap before
{Heap before GC invocations=8 (full 0):
 PSYoungGen      total 18944K, used 13033K [0x00000000eb300000, 0x00000000ec800000, 0x0000000100000000)
  eden space 16384K, 64% used [0x00000000eb300000,0x00000000ebd3d860,0x00000000ec300000)
  from space 2560K, 99% used [0x00000000ec300000,0x00000000ec57cc58,0x00000000ec580000)
  to   space 2560K, 0% used [0x00000000ec580000,0x00000000ec580000,0x00000000ec800000)
 ParOldGen       total 44032K, used 5956K [0x00000000c1800000, 0x00000000c4300000, 0x00000000eb300000)
  object space 44032K, 13% used [0x00000000c1800000,0x00000000c1dd1298,0x00000000c4300000)
 Metaspace       used 16320K, capacity 17014K, committed 17152K, reserved 1071104K
  class space    used 2017K, capacity 2214K, committed 2304K, reserved 1048576K
Event: 2.676 GC heap after
Heap after GC invocations=8 (full 0):
 PSYoungGen      total 18944K, used 2549K [0x00000000eb300000, 0x00000000ec800000, 0x0000000100000000)
  eden space 16384K, 0% used [0x00000000eb300000,0x00000000eb300000,0x00000000ec300000)
  from space 2560K, 99% used [0x00000000ec580000,0x00000000ec7fd608,0x00000000ec800000)
  to   space 2560K, 0% used [0x00000000ec300000,0x00000000ec300000,0x00000000ec580000)
 ParOldGen       total 44032K, used 6510K [0x00000000c1800000, 0x00000000c4300000, 0x00000000eb300000)
  object space 44032K, 14% used [0x00000000c1800000,0x00000000c1e5b978,0x00000000c4300000)
 Metaspace       used 16320K, capacity 17014K, committed 17152K, reserved 1071104K
  class space    used 2017K, capacity 2214K, committed 2304K, reserved 1048576K
}
Event: 2.676 GC heap before
{Heap before GC invocations=9 (full 1):
 PSYoungGen      total 18944K, used 2549K [0x00000000eb300000, 0x00000000ec800000, 0x0000000100000000)
  eden space 16384K, 0% used [0x00000000eb300000,0x00000000eb300000,0x00000000ec300000)
  from space 2560K, 99% used [0x00000000ec580000,0x00000000ec7fd608,0x00000000ec800000)
  to   space 2560K, 0% used [0x00000000ec300000,0x00000000ec300000,0x00000000ec580000)
 ParOldGen       total 44032K, used 6510K [0x00000000c1800000, 0x00000000c4300000, 0x00000000eb300000)
  object space 44032K, 14% used [0x00000000c1800000,0x00000000c1e5b978,0x00000000c4300000)
 Metaspace       used 16320K, capacity 17014K, committed 17152K, reserved 1071104K
  class space    used 2017K, capacity 2214K, committed 2304K, reserved 1048576K
Event: 2.704 GC heap after
Heap after GC invocations=9 (full 1):
 PSYoungGen      total 18944K, used 0K [0x00000000eb300000, 0x00000000ec800000, 0x0000000100000000)
  eden space 16384K, 0% used [0x00000000eb300000,0x00000000eb300000,0x00000000ec300000)
  from space 2560K, 0% used [0x00000000ec580000,0x00000000ec580000,0x00000000ec800000)
  to   space 2560K, 0% used [0x00000000ec300000,0x00000000ec300000,0x00000000ec580000)
 ParOldGen       total 26624K, used 4746K [0x00000000c1800000, 0x00000000c3200000, 0x00000000eb300000)
  object space 26624K, 17% used [0x00000000c1800000,0x00000000c1ca2838,0x00000000c3200000)
 Metaspace       used 16320K, capacity 17014K, committed 17152K, reserved 1067008K
  class space    used 2017K, capacity 2214K, committed 2304K, reserved 1048576K
}
Event: 2.874 GC heap before
{Heap before GC invocations=10 (full 1):
 PSYoungGen      total 18944K, used 16384K [0x00000000eb300000, 0x00000000ec800000, 0x0000000100000000)
  eden space 16384K, 100% used [0x00000000eb300000,0x00000000ec300000,0x00000000ec300000)
  from space 2560K, 0% used [0x00000000ec580000,0x00000000ec580000,0x00000000ec800000)
  to   space 2560K, 0% used [0x00000000ec300000,0x00000000ec300000,0x00000000ec580000)
 ParOldGen       total 26624K, used 4761K [0x00000000c1800000, 0x00000000c3200000, 0x00000000eb300000)
  object space 26624K, 17% used [0x00000000c1800000,0x00000000c1ca65e0,0x00000000c3200000)
 Metaspace       used 18130K, capacity 18918K, committed 19200K, reserved 1067008K
  class space    used 2296K, capacity 2510K, committed 2560K, reserved 1048576K
Event: 2.877 GC heap after
Heap after GC invocations=10 (full 1):
 PSYoungGen      total 18944K, used 2385K [0x00000000eb300000, 0x00000000ec800000, 0x0000000100000000)
  eden space 16384K, 0% used [0x00000000eb300000,0x00000000eb300000,0x00000000ec300000)
  from space 2560K, 93% used [0x00000000ec300000,0x00000000ec5546f0,0x00000000ec580000)
  to   space 2560K, 0% used [0x00000000ec580000,0x00000000ec580000,0x00000000ec800000)
 ParOldGen       total 26624K, used 4761K [0x00000000c1800000, 0x00000000c3200000, 0x00000000eb300000)
  object space 26624K, 17% used [0x00000000c1800000,0x00000000c1ca65e0,0x00000000c3200000)
 Metaspace       used 18130K, capacity 18918K, committed 19200K, reserved 1067008K
  class space    used 2296K, capacity 2510K, committed 2560K, reserved 1048576K
}

